cpu-bind=MASK - cn763, task  0  0 [215463]: mask 0xffffffffffff set
cat: run_phonons_benchmark_noprof.sbatch: No such file or directory
--------------------------------------------------------------------------
No OpenFabrics connection schemes reported that they were able to be
used on a specific port.  As such, the openib BTL (OpenFabrics
support) will be disabled for this port.

  Local host:           cn763
  Local device:         mlx4_0
  Local port:           1
  CPCs attempted:       rdmacm, udcm
--------------------------------------------------------------------------
[cn763.scarf.rl.ac.uk:215485] 7 more processes have sent help message help-mpi-btl-openib-cpc-base.txt / no cpcs for port
[cn763.scarf.rl.ac.uk:215485] Set MCA parameter "orte_base_help_aggregate" to 0 to see all help / error messages

real	4m48.687s
user	35m52.713s
sys	2m18.266s
rm: cannot remove ‘La2Zr2O7.bib’: No such file or directory
rm: cannot remove ‘La_EXT_LDA_OTF.usp’: No such file or directory
rm: cannot remove ‘Zr_EXT_LDA_OTF.usp’: No such file or directory
rm: cannot remove ‘O_EXT_LDA_OTF.usp’: No such file or directory
