cpu-bind=MASK - cn760, task  0  0 [87586]: mask 0xffffffffffff set
cat: run_phonons_benchmark_noprof.sbatch: No such file or directory
--------------------------------------------------------------------------
No OpenFabrics connection schemes reported that they were able to be
used on a specific port.  As such, the openib BTL (OpenFabrics
support) will be disabled for this port.

  Local host:           cn760
  Local device:         mlx4_0
  Local port:           1
  CPCs attempted:       rdmacm, udcm
--------------------------------------------------------------------------
[cn760.scarf.rl.ac.uk:87624] 1 more process has sent help message help-mpi-btl-openib-cpc-base.txt / no cpcs for port
[cn760.scarf.rl.ac.uk:87624] Set MCA parameter "orte_base_help_aggregate" to 0 to see all help / error messages

real	5m0.830s
user	7m25.329s
sys	2m18.068s
rm: cannot remove ‘La2Zr2O7.bib’: No such file or directory
rm: cannot remove ‘La_EXT_LDA_OTF.usp’: No such file or directory
rm: cannot remove ‘Zr_EXT_LDA_OTF.usp’: No such file or directory
rm: cannot remove ‘O_EXT_LDA_OTF.usp’: No such file or directory
