cpu-bind=MASK - cn817, task  0  0 [31995]: mask 0xffffffffffff set
cat: run_phonons_benchmark_noprof.sbatch: No such file or directory
--------------------------------------------------------------------------
No OpenFabrics connection schemes reported that they were able to be
used on a specific port.  As such, the openib BTL (OpenFabrics
support) will be disabled for this port.

  Local host:           cn817
  Local device:         mlx4_0
  Local port:           1
  CPCs attempted:       rdmacm, udcm
--------------------------------------------------------------------------
[cn817.scarf.rl.ac.uk:32094] 23 more processes have sent help message help-mpi-btl-openib-cpc-base.txt / no cpcs for port
[cn817.scarf.rl.ac.uk:32094] Set MCA parameter "orte_base_help_aggregate" to 0 to see all help / error messages

real	4m48.294s
user	112m26.464s
sys	2m23.950s
rm: cannot remove ‘La2Zr2O7.bib’: No such file or directory
rm: cannot remove ‘La_EXT_LDA_OTF.usp’: No such file or directory
rm: cannot remove ‘Zr_EXT_LDA_OTF.usp’: No such file or directory
rm: cannot remove ‘O_EXT_LDA_OTF.usp’: No such file or directory
