cpu-bind=MASK - cn830, task  0  0 [135517]: mask 0xffffffffffff set
--------------------------------------------------------------------------
No OpenFabrics connection schemes reported that they were able to be
used on a specific port.  As such, the openib BTL (OpenFabrics
support) will be disabled for this port.

  Local host:           cn830
  Local device:         mlx4_0
  Local port:           1
  CPCs attempted:       rdmacm, udcm
--------------------------------------------------------------------------
[cn830.scarf.rl.ac.uk:135538] [[47836,0],0] ORTE_ERROR_LOG: Data unpack would read past end of buffer in file util/show_help.c at line 501
[cn830.scarf.rl.ac.uk:135538] 6 more processes have sent help message help-mpi-btl-openib-cpc-base.txt / no cpcs for port
[cn830.scarf.rl.ac.uk:135538] Set MCA parameter "orte_base_help_aggregate" to 0 to see all help / error messages

real	6m14.685s
user	46m36.226s
sys	3m7.708s
rm: cannot remove ‘La2Zr2O7.bib’: No such file or directory
rm: cannot remove ‘La_EXT_LDA_OTF.usp’: No such file or directory
rm: cannot remove ‘Zr_EXT_LDA_OTF.usp’: No such file or directory
rm: cannot remove ‘O_EXT_LDA_OTF.usp’: No such file or directory
